<?xml version="1.0" encoding="UTF-8"?>
<!-- Generated by org.testng.reporters.JUnitReportReporter -->
<testsuite hostname="DESKTOP-MIDK0QG" failures="0" tests="1" name="org.testng.HotelBooking" time="32.097" errors="0" timestamp="05 Jan 2022 18:09:28 GMT" skipped="0">
  <testcase classname="org.testng.HotelBooking" name="bookHotel" time="32.097"/>
</testsuite> <!-- org.testng.HotelBooking -->
